[debug] [2025-09-08T09:26:04.235Z] ----------------------------------------------------------------------
[debug] [2025-09-08T09:26:04.241Z] Command:       C:\Program Files\nodejs\node.exe C:\Users\Dineshkumar\AppData\Roaming\npm\node_modules\firebase-tools\lib\bin\firebase.js init
[debug] [2025-09-08T09:26:04.242Z] CLI Version:   14.15.2
[debug] [2025-09-08T09:26:04.243Z] Platform:      win32
[debug] [2025-09-08T09:26:04.243Z] Node Version:  v22.12.0
[debug] [2025-09-08T09:26:04.244Z] Time:          Mon Sep 08 2025 14:56:04 GMT+0530 (India Standard Time)
[debug] [2025-09-08T09:26:04.244Z] ----------------------------------------------------------------------
[debug] 
[debug] [2025-09-08T09:26:04.263Z] > command requires scopes: ["email","openid","https://www.googleapis.com/auth/cloudplatformprojects.readonly","https://www.googleapis.com/auth/firebase","https://www.googleapis.com/auth/cloud-platform"]
[debug] [2025-09-08T09:26:04.265Z] > authorizing via signed-in user (dineshkumarpmb2003@gmail.com)
[info] 
     ######## #### ########  ######## ########     ###     ######  ########
     ##        ##  ##     ## ##       ##     ##  ##   ##  ##       ##
     ######    ##  ########  ######   ########  #########  ######  ######
     ##        ##  ##    ##  ##       ##     ## ##     ##       ## ##
     ##       #### ##     ## ######## ########  ##     ##  ######  ########

You're about to initialize a Firebase project in this directory:

  D:\Zylen_works\E-book platform\ebook-backend

[info] 
=== Project Setup
[info] 
[info] First, let's associate this project directory with a Firebase project.
[info] You can create multiple project aliases by running firebase use --add, 
[info] but for now we'll just set up a default project.
[info] 
[debug] [2025-09-08T09:26:19.408Z] Checked if tokens are valid: false, expires at: 1757320822579
[debug] [2025-09-08T09:26:19.408Z] Checked if tokens are valid: false, expires at: 1757320822579
[debug] [2025-09-08T09:26:19.408Z] > refreshing access token with scopes: []
[debug] [2025-09-08T09:26:19.411Z] >>> [apiv2][query] POST https://www.googleapis.com/oauth2/v3/token [none]
[debug] [2025-09-08T09:26:19.412Z] >>> [apiv2][body] POST https://www.googleapis.com/oauth2/v3/token [omitted]
[debug] [2025-09-08T09:26:20.370Z] <<< [apiv2][status] POST https://www.googleapis.com/oauth2/v3/token 200
[debug] [2025-09-08T09:26:20.370Z] <<< [apiv2][body] POST https://www.googleapis.com/oauth2/v3/token [omitted]
[debug] [2025-09-08T09:26:22.048Z] >>> [apiv2][query] GET https://firebase.googleapis.com/v1beta1/projects pageSize=100
[debug] [2025-09-08T09:26:22.660Z] <<< [apiv2][status] GET https://firebase.googleapis.com/v1beta1/projects 200
[debug] [2025-09-08T09:26:22.661Z] <<< [apiv2][body] GET https://firebase.googleapis.com/v1beta1/projects [omitted]
[info] i  Using project ebook-backend-f22b5 (Ebook-backend) 
[info] 
=== Hosting Setup
[debug] [2025-09-08T09:26:29.891Z] Checked if tokens are valid: true, expires at: 1757327179370
[debug] [2025-09-08T09:26:29.891Z] Checked if tokens are valid: true, expires at: 1757327179370
[debug] [2025-09-08T09:26:29.892Z] >>> [apiv2][query] GET https://firebase.googleapis.com/v1beta1/projects/ebook-backend-f22b5 [none]
[debug] [2025-09-08T09:26:30.379Z] <<< [apiv2][status] GET https://firebase.googleapis.com/v1beta1/projects/ebook-backend-f22b5 200
[debug] [2025-09-08T09:26:30.380Z] <<< [apiv2][body] GET https://firebase.googleapis.com/v1beta1/projects/ebook-backend-f22b5 {"projectId":"ebook-backend-f22b5","projectNumber":"956877487575","displayName":"Ebook-backend","name":"projects/ebook-backend-f22b5","resources":{"hostingSite":"ebook-backend-f22b5"},"state":"ACTIVE","etag":"1_8f14a828-fff1-4945-b8b0-cbc10325394e"}
[info] 
[info] Your public directory is the folder (relative to your project directory) that
[info] will contain Hosting assets to be uploaded with firebase deploy. If you
[info] have a build process for your assets, use your build's output directory.
[info] 
